<?xml version="1.0" encoding="UTF-8"?>
<!-- Generated by org.testng.reporters.JUnitReportReporter -->
<testsuite skipped="0" hostname="DESKTOP-JUVN070" name="test.LoginTest" tests="1" failures="0" timestamp="2022-04-04T11:03:07 CDT" time="6.536" errors="0">
  <testcase name="TechfiosLoginTest" time="6.536" classname="test.LoginTest"/>
  <system-out/>
</testsuite> <!-- test.LoginTest -->
