<?xml version="1.0" encoding="UTF-8"?>
<!-- Generated by org.testng.reporters.JUnitReportReporter -->
<testsuite skipped="0" hostname="DESKTOP-JUVN070" name="test.AddContactTest" tests="1" failures="0" timestamp="2022-04-04T23:26:10 CDT" time="4.454" errors="0">
  <testcase name="addingContact" time="4.454" classname="test.AddContactTest"/>
  <system-out/>
</testsuite> <!-- test.AddContactTest -->
